TERM environment variable not set.
06/25/24 22:19:50: Running /var/spool/slurm/slurmd/job6754133/slurm_script
25-06-2024 22:19:53 INFO: read path: /projects/0/nwo2021025/archive/mres_b.e10.B2000_CAM5.f05_t12.001/atm/hist:
input file(s):
mres_b.e10.B2000_CAM5.f05_t12.001.cam2.h0.2045-01.nc
mres_b.e10.B2000_CAM5.f05_t12.001.cam2.h0.2045-02.nc
mres_b.e10.B2000_CAM5.f05_t12.001.cam2.h0.2045-03.nc
mres_b.e10.B2000_CAM5.f05_t12.001.cam2.h0.2045-04.nc
mres_b.e10.B2000_CAM5.f05_t12.001.cam2.h0.2045-05.nc
mres_b.e10.B2000_CAM5.f05_t12.001.cam2.h0.2045-06.nc
mres_b.e10.B2000_CAM5.f05_t12.001.cam2.h0.2045-07.nc
mres_b.e10.B2000_CAM5.f05_t12.001.cam2.h0.2045-08.nc
mres_b.e10.B2000_CAM5.f05_t12.001.cam2.h0.2045-09.nc
mres_b.e10.B2000_CAM5.f05_t12.001.cam2.h0.2045-10.nc
mres_b.e10.B2000_CAM5.f05_t12.001.cam2.h0.2045-11.nc
mres_b.e10.B2000_CAM5.f05_t12.001.cam2.h0.2045-12.nc
mres_b.e10.B2000_CAM5.f05_t12.001.cam2.h0.2046-01.nc
mres_b.e10.B2000_CAM5.f05_t12.001.cam2.h0.2046-02.nc
mres_b.e10.B2000_CAM5.f05_t12.001.cam2.h0.2046-03.nc
mres_b.e10.B2000_CAM5.f05_t12.001.cam2.h0.2046-04.nc
mres_b.e10.B2000_CAM5.f05_t12.001.cam2.h0.2046-05.nc
mres_b.e10.B2000_CAM5.f05_t12.001.cam2.h0.2046-06.nc
mres_b.e10.B2000_CAM5.f05_t12.001.cam2.h0.2046-07.nc
mres_b.e10.B2000_CAM5.f05_t12.001.cam2.h0.2046-08.nc
mres_b.e10.B2000_CAM5.f05_t12.001.cam2.h0.2046-09.nc
mres_b.e10.B2000_CAM5.f05_t12.001.cam2.h0.2046-10.nc
mres_b.e10.B2000_CAM5.f05_t12.001.cam2.h0.2046-11.nc
mres_b.e10.B2000_CAM5.f05_t12.001.cam2.h0.2046-12.nc
mres_b.e10.B2000_CAM5.f05_t12.001.cam2.h0.2047-01.nc
mres_b.e10.B2000_CAM5.f05_t12.001.cam2.h0.2047-02.nc
mres_b.e10.B2000_CAM5.f05_t12.001.cam2.h0.2047-03.nc
mres_b.e10.B2000_CAM5.f05_t12.001.cam2.h0.2047-04.nc
mres_b.e10.B2000_CAM5.f05_t12.001.cam2.h0.2047-05.nc
mres_b.e10.B2000_CAM5.f05_t12.001.cam2.h0.2047-06.nc
mres_b.e10.B2000_CAM5.f05_t12.001.cam2.h0.2047-07.nc
mres_b.e10.B2000_CAM5.f05_t12.001.cam2.h0.2047-08.nc
mres_b.e10.B2000_CAM5.f05_t12.001.cam2.h0.2047-09.nc
mres_b.e10.B2000_CAM5.f05_t12.001.cam2.h0.2047-10.nc
mres_b.e10.B2000_CAM5.f05_t12.001.cam2.h0.2047-11.nc
mres_b.e10.B2000_CAM5.f05_t12.001.cam2.h0.2047-12.nc
mres_b.e10.B2000_CAM5.f05_t12.001.cam2.h0.2048-01.nc
mres_b.e10.B2000_CAM5.f05_t12.001.cam2.h0.2048-02.nc
mres_b.e10.B2000_CAM5.f05_t12.001.cam2.h0.2048-03.nc
mres_b.e10.B2000_CAM5.f05_t12.001.cam2.h0.2048-04.nc
mres_b.e10.B2000_CAM5.f05_t12.001.cam2.h0.2048-05.nc
mres_b.e10.B2000_CAM5.f05_t12.001.cam2.h0.2048-06.nc
mres_b.e10.B2000_CAM5.f05_t12.001.cam2.h0.2048-07.nc
mres_b.e10.B2000_CAM5.f05_t12.001.cam2.h0.2048-08.nc
mres_b.e10.B2000_CAM5.f05_t12.001.cam2.h0.2048-09.nc
mres_b.e10.B2000_CAM5.f05_t12.001.cam2.h0.2048-10.nc
mres_b.e10.B2000_CAM5.f05_t12.001.cam2.h0.2048-11.nc
mres_b.e10.B2000_CAM5.f05_t12.001.cam2.h0.2048-12.nc
mres_b.e10.B2000_CAM5.f05_t12.001.cam2.h0.2049-01.nc
mres_b.e10.B2000_CAM5.f05_t12.001.cam2.h0.2049-02.nc
mres_b.e10.B2000_CAM5.f05_t12.001.cam2.h0.2049-03.nc
mres_b.e10.B2000_CAM5.f05_t12.001.cam2.h0.2049-04.nc
mres_b.e10.B2000_CAM5.f05_t12.001.cam2.h0.2049-05.nc
mres_b.e10.B2000_CAM5.f05_t12.001.cam2.h0.2049-06.nc
mres_b.e10.B2000_CAM5.f05_t12.001.cam2.h0.2049-07.nc
mres_b.e10.B2000_CAM5.f05_t12.001.cam2.h0.2049-08.nc
mres_b.e10.B2000_CAM5.f05_t12.001.cam2.h0.2049-09.nc
mres_b.e10.B2000_CAM5.f05_t12.001.cam2.h0.2049-10.nc
mres_b.e10.B2000_CAM5.f05_t12.001.cam2.h0.2049-11.nc
mres_b.e10.B2000_CAM5.f05_t12.001.cam2.h0.2049-12.nc
mres_b.e10.B2000_CAM5.f05_t12.001.cam2.h0.2050-01.nc
mres_b.e10.B2000_CAM5.f05_t12.001.cam2.h0.2050-02.nc
mres_b.e10.B2000_CAM5.f05_t12.001.cam2.h0.2050-03.nc
mres_b.e10.B2000_CAM5.f05_t12.001.cam2.h0.2050-04.nc
mres_b.e10.B2000_CAM5.f05_t12.001.cam2.h0.2050-05.nc
mres_b.e10.B2000_CAM5.f05_t12.001.cam2.h0.2050-06.nc
mres_b.e10.B2000_CAM5.f05_t12.001.cam2.h0.2050-07.nc
mres_b.e10.B2000_CAM5.f05_t12.001.cam2.h0.2050-08.nc
mres_b.e10.B2000_CAM5.f05_t12.001.cam2.h0.2050-09.nc
mres_b.e10.B2000_CAM5.f05_t12.001.cam2.h0.2050-10.nc
mres_b.e10.B2000_CAM5.f05_t12.001.cam2.h0.2050-11.nc
mres_b.e10.B2000_CAM5.f05_t12.001.cam2.h0.2050-12.nc
mres_b.e10.B2000_CAM5.f05_t12.001.cam2.h0.2051-01.nc
mres_b.e10.B2000_CAM5.f05_t12.001.cam2.h0.2051-02.nc
mres_b.e10.B2000_CAM5.f05_t12.001.cam2.h0.2051-03.nc
mres_b.e10.B2000_CAM5.f05_t12.001.cam2.h0.2051-04.nc
mres_b.e10.B2000_CAM5.f05_t12.001.cam2.h0.2051-05.nc
mres_b.e10.B2000_CAM5.f05_t12.001.cam2.h0.2051-06.nc
mres_b.e10.B2000_CAM5.f05_t12.001.cam2.h0.2051-07.nc
mres_b.e10.B2000_CAM5.f05_t12.001.cam2.h0.2051-08.nc
mres_b.e10.B2000_CAM5.f05_t12.001.cam2.h0.2051-09.nc
mres_b.e10.B2000_CAM5.f05_t12.001.cam2.h0.2051-10.nc
mres_b.e10.B2000_CAM5.f05_t12.001.cam2.h0.2051-11.nc
mres_b.e10.B2000_CAM5.f05_t12.001.cam2.h0.2051-12.nc
mres_b.e10.B2000_CAM5.f05_t12.001.cam2.h0.2052-01.nc
mres_b.e10.B2000_CAM5.f05_t12.001.cam2.h0.2052-02.nc
mres_b.e10.B2000_CAM5.f05_t12.001.cam2.h0.2052-03.nc
mres_b.e10.B2000_CAM5.f05_t12.001.cam2.h0.2052-04.nc
mres_b.e10.B2000_CAM5.f05_t12.001.cam2.h0.2052-05.nc
mres_b.e10.B2000_CAM5.f05_t12.001.cam2.h0.2052-06.nc
mres_b.e10.B2000_CAM5.f05_t12.001.cam2.h0.2052-07.nc
mres_b.e10.B2000_CAM5.f05_t12.001.cam2.h0.2052-08.nc
mres_b.e10.B2000_CAM5.f05_t12.001.cam2.h0.2052-09.nc
mres_b.e10.B2000_CAM5.f05_t12.001.cam2.h0.2052-10.nc
mres_b.e10.B2000_CAM5.f05_t12.001.cam2.h0.2052-11.nc
mres_b.e10.B2000_CAM5.f05_t12.001.cam2.h0.2052-12.nc
mres_b.e10.B2000_CAM5.f05_t12.001.cam2.h0.2053-01.nc
mres_b.e10.B2000_CAM5.f05_t12.001.cam2.h0.2053-02.nc
mres_b.e10.B2000_CAM5.f05_t12.001.cam2.h0.2053-03.nc
mres_b.e10.B2000_CAM5.f05_t12.001.cam2.h0.2053-04.nc
mres_b.e10.B2000_CAM5.f05_t12.001.cam2.h0.2053-05.nc
mres_b.e10.B2000_CAM5.f05_t12.001.cam2.h0.2053-06.nc
mres_b.e10.B2000_CAM5.f05_t12.001.cam2.h0.2053-07.nc
mres_b.e10.B2000_CAM5.f05_t12.001.cam2.h0.2053-08.nc
mres_b.e10.B2000_CAM5.f05_t12.001.cam2.h0.2053-09.nc
mres_b.e10.B2000_CAM5.f05_t12.001.cam2.h0.2053-10.nc
mres_b.e10.B2000_CAM5.f05_t12.001.cam2.h0.2053-11.nc
mres_b.e10.B2000_CAM5.f05_t12.001.cam2.h0.2053-12.nc
mres_b.e10.B2000_CAM5.f05_t12.001.cam2.h0.2054-01.nc
mres_b.e10.B2000_CAM5.f05_t12.001.cam2.h0.2054-02.nc
mres_b.e10.B2000_CAM5.f05_t12.001.cam2.h0.2054-03.nc
mres_b.e10.B2000_CAM5.f05_t12.001.cam2.h0.2054-04.nc
mres_b.e10.B2000_CAM5.f05_t12.001.cam2.h0.2054-05.nc
mres_b.e10.B2000_CAM5.f05_t12.001.cam2.h0.2054-06.nc
mres_b.e10.B2000_CAM5.f05_t12.001.cam2.h0.2054-07.nc
mres_b.e10.B2000_CAM5.f05_t12.001.cam2.h0.2054-08.nc
mres_b.e10.B2000_CAM5.f05_t12.001.cam2.h0.2054-09.nc
mres_b.e10.B2000_CAM5.f05_t12.001.cam2.h0.2054-10.nc
mres_b.e10.B2000_CAM5.f05_t12.001.cam2.h0.2054-11.nc
mres_b.e10.B2000_CAM5.f05_t12.001.cam2.h0.2054-12.nc
mres_b.e10.B2000_CAM5.f05_t12.001.cam2.h0.2055-01.nc
mres_b.e10.B2000_CAM5.f05_t12.001.cam2.h0.2055-02.nc
mres_b.e10.B2000_CAM5.f05_t12.001.cam2.h0.2055-03.nc
mres_b.e10.B2000_CAM5.f05_t12.001.cam2.h0.2055-04.nc
mres_b.e10.B2000_CAM5.f05_t12.001.cam2.h0.2055-05.nc
mres_b.e10.B2000_CAM5.f05_t12.001.cam2.h0.2055-06.nc
mres_b.e10.B2000_CAM5.f05_t12.001.cam2.h0.2055-07.nc
mres_b.e10.B2000_CAM5.f05_t12.001.cam2.h0.2055-08.nc
mres_b.e10.B2000_CAM5.f05_t12.001.cam2.h0.2055-09.nc
mres_b.e10.B2000_CAM5.f05_t12.001.cam2.h0.2055-10.nc
mres_b.e10.B2000_CAM5.f05_t12.001.cam2.h0.2055-11.nc
mres_b.e10.B2000_CAM5.f05_t12.001.cam2.h0.2055-12.nc
mres_b.e10.B2000_CAM5.f05_t12.001.cam2.h0.2056-01.nc
mres_b.e10.B2000_CAM5.f05_t12.001.cam2.h0.2056-02.nc
mres_b.e10.B2000_CAM5.f05_t12.001.cam2.h0.2056-03.nc
mres_b.e10.B2000_CAM5.f05_t12.001.cam2.h0.2056-04.nc
mres_b.e10.B2000_CAM5.f05_t12.001.cam2.h0.2056-05.nc
mres_b.e10.B2000_CAM5.f05_t12.001.cam2.h0.2056-06.nc
mres_b.e10.B2000_CAM5.f05_t12.001.cam2.h0.2056-07.nc
mres_b.e10.B2000_CAM5.f05_t12.001.cam2.h0.2056-08.nc
mres_b.e10.B2000_CAM5.f05_t12.001.cam2.h0.2056-09.nc
mres_b.e10.B2000_CAM5.f05_t12.001.cam2.h0.2056-10.nc
mres_b.e10.B2000_CAM5.f05_t12.001.cam2.h0.2056-11.nc
mres_b.e10.B2000_CAM5.f05_t12.001.cam2.h0.2056-12.nc
mres_b.e10.B2000_CAM5.f05_t12.001.cam2.h0.2057-01.nc
mres_b.e10.B2000_CAM5.f05_t12.001.cam2.h0.2057-02.nc
mres_b.e10.B2000_CAM5.f05_t12.001.cam2.h0.2057-03.nc
mres_b.e10.B2000_CAM5.f05_t12.001.cam2.h0.2057-04.nc
mres_b.e10.B2000_CAM5.f05_t12.001.cam2.h0.2057-05.nc
mres_b.e10.B2000_CAM5.f05_t12.001.cam2.h0.2057-06.nc
mres_b.e10.B2000_CAM5.f05_t12.001.cam2.h0.2057-07.nc
mres_b.e10.B2000_CAM5.f05_t12.001.cam2.h0.2057-08.nc
mres_b.e10.B2000_CAM5.f05_t12.001.cam2.h0.2057-09.nc
mres_b.e10.B2000_CAM5.f05_t12.001.cam2.h0.2057-10.nc
mres_b.e10.B2000_CAM5.f05_t12.001.cam2.h0.2057-11.nc
mres_b.e10.B2000_CAM5.f05_t12.001.cam2.h0.2057-12.nc
mres_b.e10.B2000_CAM5.f05_t12.001.cam2.h0.2058-01.nc
mres_b.e10.B2000_CAM5.f05_t12.001.cam2.h0.2058-02.nc
mres_b.e10.B2000_CAM5.f05_t12.001.cam2.h0.2058-03.nc
mres_b.e10.B2000_CAM5.f05_t12.001.cam2.h0.2058-04.nc
mres_b.e10.B2000_CAM5.f05_t12.001.cam2.h0.2058-05.nc
mres_b.e10.B2000_CAM5.f05_t12.001.cam2.h0.2058-06.nc
mres_b.e10.B2000_CAM5.f05_t12.001.cam2.h0.2058-07.nc
mres_b.e10.B2000_CAM5.f05_t12.001.cam2.h0.2058-08.nc
mres_b.e10.B2000_CAM5.f05_t12.001.cam2.h0.2058-09.nc
mres_b.e10.B2000_CAM5.f05_t12.001.cam2.h0.2058-10.nc
mres_b.e10.B2000_CAM5.f05_t12.001.cam2.h0.2058-11.nc
mres_b.e10.B2000_CAM5.f05_t12.001.cam2.h0.2058-12.nc
mres_b.e10.B2000_CAM5.f05_t12.001.cam2.h0.2059-01.nc
mres_b.e10.B2000_CAM5.f05_t12.001.cam2.h0.2059-02.nc
mres_b.e10.B2000_CAM5.f05_t12.001.cam2.h0.2059-03.nc
mres_b.e10.B2000_CAM5.f05_t12.001.cam2.h0.2059-04.nc
mres_b.e10.B2000_CAM5.f05_t12.001.cam2.h0.2059-05.nc
mres_b.e10.B2000_CAM5.f05_t12.001.cam2.h0.2059-06.nc
mres_b.e10.B2000_CAM5.f05_t12.001.cam2.h0.2059-07.nc
mres_b.e10.B2000_CAM5.f05_t12.001.cam2.h0.2059-08.nc
mres_b.e10.B2000_CAM5.f05_t12.001.cam2.h0.2059-09.nc
mres_b.e10.B2000_CAM5.f05_t12.001.cam2.h0.2059-10.nc
mres_b.e10.B2000_CAM5.f05_t12.001.cam2.h0.2059-11.nc
mres_b.e10.B2000_CAM5.f05_t12.001.cam2.h0.2059-12.nc
mres_b.e10.B2000_CAM5.f05_t12.001.cam2.h0.2060-01.nc
mres_b.e10.B2000_CAM5.f05_t12.001.cam2.h0.2060-02.nc
mres_b.e10.B2000_CAM5.f05_t12.001.cam2.h0.2060-03.nc
mres_b.e10.B2000_CAM5.f05_t12.001.cam2.h0.2060-04.nc
mres_b.e10.B2000_CAM5.f05_t12.001.cam2.h0.2060-05.nc
mres_b.e10.B2000_CAM5.f05_t12.001.cam2.h0.2060-06.nc
mres_b.e10.B2000_CAM5.f05_t12.001.cam2.h0.2060-07.nc
mres_b.e10.B2000_CAM5.f05_t12.001.cam2.h0.2060-08.nc
mres_b.e10.B2000_CAM5.f05_t12.001.cam2.h0.2060-09.nc
mres_b.e10.B2000_CAM5.f05_t12.001.cam2.h0.2060-10.nc
mres_b.e10.B2000_CAM5.f05_t12.001.cam2.h0.2060-11.nc
mres_b.e10.B2000_CAM5.f05_t12.001.cam2.h0.2060-12.nc
mres_b.e10.B2000_CAM5.f05_t12.001.cam2.h0.2061-01.nc
mres_b.e10.B2000_CAM5.f05_t12.001.cam2.h0.2061-02.nc
mres_b.e10.B2000_CAM5.f05_t12.001.cam2.h0.2061-03.nc
mres_b.e10.B2000_CAM5.f05_t12.001.cam2.h0.2061-04.nc
mres_b.e10.B2000_CAM5.f05_t12.001.cam2.h0.2061-05.nc
mres_b.e10.B2000_CAM5.f05_t12.001.cam2.h0.2061-06.nc
mres_b.e10.B2000_CAM5.f05_t12.001.cam2.h0.2061-07.nc
mres_b.e10.B2000_CAM5.f05_t12.001.cam2.h0.2061-08.nc
mres_b.e10.B2000_CAM5.f05_t12.001.cam2.h0.2061-09.nc
mres_b.e10.B2000_CAM5.f05_t12.001.cam2.h0.2061-10.nc
mres_b.e10.B2000_CAM5.f05_t12.001.cam2.h0.2061-11.nc
mres_b.e10.B2000_CAM5.f05_t12.001.cam2.h0.2061-12.nc
mres_b.e10.B2000_CAM5.f05_t12.001.cam2.h0.2062-01.nc
mres_b.e10.B2000_CAM5.f05_t12.001.cam2.h0.2062-02.nc
mres_b.e10.B2000_CAM5.f05_t12.001.cam2.h0.2062-03.nc
mres_b.e10.B2000_CAM5.f05_t12.001.cam2.h0.2062-04.nc
mres_b.e10.B2000_CAM5.f05_t12.001.cam2.h0.2062-05.nc
mres_b.e10.B2000_CAM5.f05_t12.001.cam2.h0.2062-06.nc
mres_b.e10.B2000_CAM5.f05_t12.001.cam2.h0.2062-07.nc
mres_b.e10.B2000_CAM5.f05_t12.001.cam2.h0.2062-08.nc
mres_b.e10.B2000_CAM5.f05_t12.001.cam2.h0.2062-09.nc
mres_b.e10.B2000_CAM5.f05_t12.001.cam2.h0.2062-10.nc
mres_b.e10.B2000_CAM5.f05_t12.001.cam2.h0.2062-11.nc
mres_b.e10.B2000_CAM5.f05_t12.001.cam2.h0.2062-12.nc
mres_b.e10.B2000_CAM5.f05_t12.001.cam2.h0.2063-01.nc
mres_b.e10.B2000_CAM5.f05_t12.001.cam2.h0.2063-02.nc
mres_b.e10.B2000_CAM5.f05_t12.001.cam2.h0.2063-03.nc
mres_b.e10.B2000_CAM5.f05_t12.001.cam2.h0.2063-04.nc
mres_b.e10.B2000_CAM5.f05_t12.001.cam2.h0.2063-05.nc
mres_b.e10.B2000_CAM5.f05_t12.001.cam2.h0.2063-06.nc
mres_b.e10.B2000_CAM5.f05_t12.001.cam2.h0.2063-07.nc
mres_b.e10.B2000_CAM5.f05_t12.001.cam2.h0.2063-08.nc
mres_b.e10.B2000_CAM5.f05_t12.001.cam2.h0.2063-09.nc
mres_b.e10.B2000_CAM5.f05_t12.001.cam2.h0.2063-10.nc
mres_b.e10.B2000_CAM5.f05_t12.001.cam2.h0.2063-11.nc
mres_b.e10.B2000_CAM5.f05_t12.001.cam2.h0.2063-12.nc
mres_b.e10.B2000_CAM5.f05_t12.001.cam2.h0.2064-01.nc
mres_b.e10.B2000_CAM5.f05_t12.001.cam2.h0.2064-02.nc
mres_b.e10.B2000_CAM5.f05_t12.001.cam2.h0.2064-03.nc
mres_b.e10.B2000_CAM5.f05_t12.001.cam2.h0.2064-04.nc
mres_b.e10.B2000_CAM5.f05_t12.001.cam2.h0.2064-05.nc
mres_b.e10.B2000_CAM5.f05_t12.001.cam2.h0.2064-06.nc
mres_b.e10.B2000_CAM5.f05_t12.001.cam2.h0.2064-07.nc
mres_b.e10.B2000_CAM5.f05_t12.001.cam2.h0.2064-08.nc
mres_b.e10.B2000_CAM5.f05_t12.001.cam2.h0.2064-09.nc
mres_b.e10.B2000_CAM5.f05_t12.001.cam2.h0.2064-10.nc
mres_b.e10.B2000_CAM5.f05_t12.001.cam2.h0.2064-11.nc
mres_b.e10.B2000_CAM5.f05_t12.001.cam2.h0.2064-12.nc
mres_b.e10.B2000_CAM5.f05_t12.001.cam2.h0.2065-01.nc
mres_b.e10.B2000_CAM5.f05_t12.001.cam2.h0.2065-02.nc
mres_b.e10.B2000_CAM5.f05_t12.001.cam2.h0.2065-03.nc
mres_b.e10.B2000_CAM5.f05_t12.001.cam2.h0.2065-04.nc
mres_b.e10.B2000_CAM5.f05_t12.001.cam2.h0.2065-05.nc
mres_b.e10.B2000_CAM5.f05_t12.001.cam2.h0.2065-06.nc
mres_b.e10.B2000_CAM5.f05_t12.001.cam2.h0.2065-07.nc
mres_b.e10.B2000_CAM5.f05_t12.001.cam2.h0.2065-08.nc
mres_b.e10.B2000_CAM5.f05_t12.001.cam2.h0.2065-09.nc
mres_b.e10.B2000_CAM5.f05_t12.001.cam2.h0.2065-10.nc
mres_b.e10.B2000_CAM5.f05_t12.001.cam2.h0.2065-11.nc
mres_b.e10.B2000_CAM5.f05_t12.001.cam2.h0.2065-12.nc
mres_b.e10.B2000_CAM5.f05_t12.001.cam2.h0.2066-01.nc
mres_b.e10.B2000_CAM5.f05_t12.001.cam2.h0.2066-02.nc
mres_b.e10.B2000_CAM5.f05_t12.001.cam2.h0.2066-03.nc
mres_b.e10.B2000_CAM5.f05_t12.001.cam2.h0.2066-04.nc
mres_b.e10.B2000_CAM5.f05_t12.001.cam2.h0.2066-05.nc
mres_b.e10.B2000_CAM5.f05_t12.001.cam2.h0.2066-06.nc
mres_b.e10.B2000_CAM5.f05_t12.001.cam2.h0.2066-07.nc
mres_b.e10.B2000_CAM5.f05_t12.001.cam2.h0.2066-08.nc
mres_b.e10.B2000_CAM5.f05_t12.001.cam2.h0.2066-09.nc
mres_b.e10.B2000_CAM5.f05_t12.001.cam2.h0.2066-10.nc
mres_b.e10.B2000_CAM5.f05_t12.001.cam2.h0.2066-11.nc
mres_b.e10.B2000_CAM5.f05_t12.001.cam2.h0.2066-12.nc
mres_b.e10.B2000_CAM5.f05_t12.001.cam2.h0.2067-01.nc
mres_b.e10.B2000_CAM5.f05_t12.001.cam2.h0.2067-02.nc
mres_b.e10.B2000_CAM5.f05_t12.001.cam2.h0.2067-03.nc
mres_b.e10.B2000_CAM5.f05_t12.001.cam2.h0.2067-04.nc
mres_b.e10.B2000_CAM5.f05_t12.001.cam2.h0.2067-05.nc
mres_b.e10.B2000_CAM5.f05_t12.001.cam2.h0.2067-06.nc
mres_b.e10.B2000_CAM5.f05_t12.001.cam2.h0.2067-07.nc
mres_b.e10.B2000_CAM5.f05_t12.001.cam2.h0.2067-08.nc
mres_b.e10.B2000_CAM5.f05_t12.001.cam2.h0.2067-09.nc
mres_b.e10.B2000_CAM5.f05_t12.001.cam2.h0.2067-10.nc
mres_b.e10.B2000_CAM5.f05_t12.001.cam2.h0.2067-11.nc
mres_b.e10.B2000_CAM5.f05_t12.001.cam2.h0.2067-12.nc
mres_b.e10.B2000_CAM5.f05_t12.001.cam2.h0.2068-01.nc
mres_b.e10.B2000_CAM5.f05_t12.001.cam2.h0.2068-02.nc
mres_b.e10.B2000_CAM5.f05_t12.001.cam2.h0.2068-03.nc
mres_b.e10.B2000_CAM5.f05_t12.001.cam2.h0.2068-04.nc
mres_b.e10.B2000_CAM5.f05_t12.001.cam2.h0.2068-05.nc
mres_b.e10.B2000_CAM5.f05_t12.001.cam2.h0.2068-06.nc
mres_b.e10.B2000_CAM5.f05_t12.001.cam2.h0.2068-07.nc
mres_b.e10.B2000_CAM5.f05_t12.001.cam2.h0.2068-08.nc
mres_b.e10.B2000_CAM5.f05_t12.001.cam2.h0.2068-09.nc
mres_b.e10.B2000_CAM5.f05_t12.001.cam2.h0.2068-10.nc
mres_b.e10.B2000_CAM5.f05_t12.001.cam2.h0.2068-11.nc
mres_b.e10.B2000_CAM5.f05_t12.001.cam2.h0.2068-12.nc
mres_b.e10.B2000_CAM5.f05_t12.001.cam2.h0.2069-01.nc
mres_b.e10.B2000_CAM5.f05_t12.001.cam2.h0.2069-02.nc
mres_b.e10.B2000_CAM5.f05_t12.001.cam2.h0.2069-03.nc
mres_b.e10.B2000_CAM5.f05_t12.001.cam2.h0.2069-04.nc
mres_b.e10.B2000_CAM5.f05_t12.001.cam2.h0.2069-05.nc
mres_b.e10.B2000_CAM5.f05_t12.001.cam2.h0.2069-06.nc
mres_b.e10.B2000_CAM5.f05_t12.001.cam2.h0.2069-07.nc
mres_b.e10.B2000_CAM5.f05_t12.001.cam2.h0.2069-08.nc
mres_b.e10.B2000_CAM5.f05_t12.001.cam2.h0.2069-09.nc
mres_b.e10.B2000_CAM5.f05_t12.001.cam2.h0.2069-10.nc
mres_b.e10.B2000_CAM5.f05_t12.001.cam2.h0.2069-11.nc
mres_b.e10.B2000_CAM5.f05_t12.001.cam2.h0.2069-12.nc
mres_b.e10.B2000_CAM5.f05_t12.001.cam2.h0.2070-01.nc
mres_b.e10.B2000_CAM5.f05_t12.001.cam2.h0.2070-02.nc
mres_b.e10.B2000_CAM5.f05_t12.001.cam2.h0.2070-03.nc
mres_b.e10.B2000_CAM5.f05_t12.001.cam2.h0.2070-04.nc
mres_b.e10.B2000_CAM5.f05_t12.001.cam2.h0.2070-05.nc
mres_b.e10.B2000_CAM5.f05_t12.001.cam2.h0.2070-06.nc
mres_b.e10.B2000_CAM5.f05_t12.001.cam2.h0.2070-07.nc
mres_b.e10.B2000_CAM5.f05_t12.001.cam2.h0.2070-08.nc
mres_b.e10.B2000_CAM5.f05_t12.001.cam2.h0.2070-09.nc
mres_b.e10.B2000_CAM5.f05_t12.001.cam2.h0.2070-10.nc
mres_b.e10.B2000_CAM5.f05_t12.001.cam2.h0.2070-11.nc
mres_b.e10.B2000_CAM5.f05_t12.001.cam2.h0.2070-12.nc
mres_b.e10.B2000_CAM5.f05_t12.001.cam2.h0.2071-01.nc
mres_b.e10.B2000_CAM5.f05_t12.001.cam2.h0.2071-02.nc
mres_b.e10.B2000_CAM5.f05_t12.001.cam2.h0.2071-03.nc
mres_b.e10.B2000_CAM5.f05_t12.001.cam2.h0.2071-04.nc
mres_b.e10.B2000_CAM5.f05_t12.001.cam2.h0.2071-05.nc
mres_b.e10.B2000_CAM5.f05_t12.001.cam2.h0.2071-06.nc
mres_b.e10.B2000_CAM5.f05_t12.001.cam2.h0.2071-07.nc
mres_b.e10.B2000_CAM5.f05_t12.001.cam2.h0.2071-08.nc
mres_b.e10.B2000_CAM5.f05_t12.001.cam2.h0.2071-09.nc
mres_b.e10.B2000_CAM5.f05_t12.001.cam2.h0.2071-10.nc
mres_b.e10.B2000_CAM5.f05_t12.001.cam2.h0.2071-11.nc
mres_b.e10.B2000_CAM5.f05_t12.001.cam2.h0.2071-12.nc
mres_b.e10.B2000_CAM5.f05_t12.001.cam2.h0.2072-01.nc
mres_b.e10.B2000_CAM5.f05_t12.001.cam2.h0.2072-02.nc
mres_b.e10.B2000_CAM5.f05_t12.001.cam2.h0.2072-03.nc
mres_b.e10.B2000_CAM5.f05_t12.001.cam2.h0.2072-04.nc
mres_b.e10.B2000_CAM5.f05_t12.001.cam2.h0.2072-05.nc
mres_b.e10.B2000_CAM5.f05_t12.001.cam2.h0.2072-06.nc
mres_b.e10.B2000_CAM5.f05_t12.001.cam2.h0.2072-07.nc
mres_b.e10.B2000_CAM5.f05_t12.001.cam2.h0.2072-08.nc
mres_b.e10.B2000_CAM5.f05_t12.001.cam2.h0.2072-09.nc
mres_b.e10.B2000_CAM5.f05_t12.001.cam2.h0.2072-10.nc
mres_b.e10.B2000_CAM5.f05_t12.001.cam2.h0.2072-11.nc
mres_b.e10.B2000_CAM5.f05_t12.001.cam2.h0.2072-12.nc
mres_b.e10.B2000_CAM5.f05_t12.001.cam2.h0.2073-01.nc
mres_b.e10.B2000_CAM5.f05_t12.001.cam2.h0.2073-02.nc
mres_b.e10.B2000_CAM5.f05_t12.001.cam2.h0.2073-03.nc
mres_b.e10.B2000_CAM5.f05_t12.001.cam2.h0.2073-04.nc
mres_b.e10.B2000_CAM5.f05_t12.001.cam2.h0.2073-05.nc
mres_b.e10.B2000_CAM5.f05_t12.001.cam2.h0.2073-06.nc
mres_b.e10.B2000_CAM5.f05_t12.001.cam2.h0.2073-07.nc
mres_b.e10.B2000_CAM5.f05_t12.001.cam2.h0.2073-08.nc
mres_b.e10.B2000_CAM5.f05_t12.001.cam2.h0.2073-09.nc
mres_b.e10.B2000_CAM5.f05_t12.001.cam2.h0.2073-10.nc
mres_b.e10.B2000_CAM5.f05_t12.001.cam2.h0.2073-11.nc
mres_b.e10.B2000_CAM5.f05_t12.001.cam2.h0.2073-12.nc
mres_b.e10.B2000_CAM5.f05_t12.001.cam2.h0.2074-01.nc
mres_b.e10.B2000_CAM5.f05_t12.001.cam2.h0.2074-02.nc
mres_b.e10.B2000_CAM5.f05_t12.001.cam2.h0.2074-03.nc
mres_b.e10.B2000_CAM5.f05_t12.001.cam2.h0.2074-04.nc
mres_b.e10.B2000_CAM5.f05_t12.001.cam2.h0.2074-05.nc
mres_b.e10.B2000_CAM5.f05_t12.001.cam2.h0.2074-06.nc
mres_b.e10.B2000_CAM5.f05_t12.001.cam2.h0.2074-07.nc
mres_b.e10.B2000_CAM5.f05_t12.001.cam2.h0.2074-08.nc
mres_b.e10.B2000_CAM5.f05_t12.001.cam2.h0.2074-09.nc
mres_b.e10.B2000_CAM5.f05_t12.001.cam2.h0.2074-10.nc
mres_b.e10.B2000_CAM5.f05_t12.001.cam2.h0.2074-11.nc
mres_b.e10.B2000_CAM5.f05_t12.001.cam2.h0.2074-12.nc
mres_b.e10.B2000_CAM5.f05_t12.001.cam2.h0.2075-01.nc
mres_b.e10.B2000_CAM5.f05_t12.001.cam2.h0.2075-02.nc
mres_b.e10.B2000_CAM5.f05_t12.001.cam2.h0.2075-03.nc
mres_b.e10.B2000_CAM5.f05_t12.001.cam2.h0.2075-04.nc
mres_b.e10.B2000_CAM5.f05_t12.001.cam2.h0.2075-05.nc
mres_b.e10.B2000_CAM5.f05_t12.001.cam2.h0.2075-06.nc
mres_b.e10.B2000_CAM5.f05_t12.001.cam2.h0.2075-07.nc
mres_b.e10.B2000_CAM5.f05_t12.001.cam2.h0.2075-08.nc
mres_b.e10.B2000_CAM5.f05_t12.001.cam2.h0.2075-09.nc
mres_b.e10.B2000_CAM5.f05_t12.001.cam2.h0.2075-10.nc
mres_b.e10.B2000_CAM5.f05_t12.001.cam2.h0.2075-11.nc
mres_b.e10.B2000_CAM5.f05_t12.001.cam2.h0.2075-12.nc
mres_b.e10.B2000_CAM5.f05_t12.001.cam2.h0.2076-01.nc
mres_b.e10.B2000_CAM5.f05_t12.001.cam2.h0.2076-02.nc
mres_b.e10.B2000_CAM5.f05_t12.001.cam2.h0.2076-03.nc
mres_b.e10.B2000_CAM5.f05_t12.001.cam2.h0.2076-04.nc
mres_b.e10.B2000_CAM5.f05_t12.001.cam2.h0.2076-05.nc
mres_b.e10.B2000_CAM5.f05_t12.001.cam2.h0.2076-06.nc
mres_b.e10.B2000_CAM5.f05_t12.001.cam2.h0.2076-07.nc
mres_b.e10.B2000_CAM5.f05_t12.001.cam2.h0.2076-08.nc
mres_b.e10.B2000_CAM5.f05_t12.001.cam2.h0.2076-09.nc
mres_b.e10.B2000_CAM5.f05_t12.001.cam2.h0.2076-10.nc
mres_b.e10.B2000_CAM5.f05_t12.001.cam2.h0.2076-11.nc
mres_b.e10.B2000_CAM5.f05_t12.001.cam2.h0.2076-12.nc
mres_b.e10.B2000_CAM5.f05_t12.001.cam2.h0.2077-01.nc
mres_b.e10.B2000_CAM5.f05_t12.001.cam2.h0.2077-02.nc
mres_b.e10.B2000_CAM5.f05_t12.001.cam2.h0.2077-03.nc
mres_b.e10.B2000_CAM5.f05_t12.001.cam2.h0.2077-04.nc
mres_b.e10.B2000_CAM5.f05_t12.001.cam2.h0.2077-05.nc
mres_b.e10.B2000_CAM5.f05_t12.001.cam2.h0.2077-06.nc
mres_b.e10.B2000_CAM5.f05_t12.001.cam2.h0.2077-07.nc
mres_b.e10.B2000_CAM5.f05_t12.001.cam2.h0.2077-08.nc
mres_b.e10.B2000_CAM5.f05_t12.001.cam2.h0.2077-09.nc
mres_b.e10.B2000_CAM5.f05_t12.001.cam2.h0.2077-10.nc
mres_b.e10.B2000_CAM5.f05_t12.001.cam2.h0.2077-11.nc
mres_b.e10.B2000_CAM5.f05_t12.001.cam2.h0.2077-12.nc
mres_b.e10.B2000_CAM5.f05_t12.001.cam2.h0.2078-01.nc
mres_b.e10.B2000_CAM5.f05_t12.001.cam2.h0.2078-02.nc
mres_b.e10.B2000_CAM5.f05_t12.001.cam2.h0.2078-03.nc
mres_b.e10.B2000_CAM5.f05_t12.001.cam2.h0.2078-04.nc
mres_b.e10.B2000_CAM5.f05_t12.001.cam2.h0.2078-05.nc
mres_b.e10.B2000_CAM5.f05_t12.001.cam2.h0.2078-06.nc
mres_b.e10.B2000_CAM5.f05_t12.001.cam2.h0.2078-07.nc
mres_b.e10.B2000_CAM5.f05_t12.001.cam2.h0.2078-08.nc
mres_b.e10.B2000_CAM5.f05_t12.001.cam2.h0.2078-09.nc
mres_b.e10.B2000_CAM5.f05_t12.001.cam2.h0.2078-10.nc
mres_b.e10.B2000_CAM5.f05_t12.001.cam2.h0.2078-11.nc
mres_b.e10.B2000_CAM5.f05_t12.001.cam2.h0.2078-12.nc
mres_b.e10.B2000_CAM5.f05_t12.001.cam2.h0.2079-01.nc
mres_b.e10.B2000_CAM5.f05_t12.001.cam2.h0.2079-02.nc
mres_b.e10.B2000_CAM5.f05_t12.001.cam2.h0.2079-03.nc
mres_b.e10.B2000_CAM5.f05_t12.001.cam2.h0.2079-04.nc
mres_b.e10.B2000_CAM5.f05_t12.001.cam2.h0.2079-05.nc
mres_b.e10.B2000_CAM5.f05_t12.001.cam2.h0.2079-06.nc
mres_b.e10.B2000_CAM5.f05_t12.001.cam2.h0.2079-07.nc
mres_b.e10.B2000_CAM5.f05_t12.001.cam2.h0.2079-08.nc
mres_b.e10.B2000_CAM5.f05_t12.001.cam2.h0.2079-09.nc
mres_b.e10.B2000_CAM5.f05_t12.001.cam2.h0.2079-10.nc
mres_b.e10.B2000_CAM5.f05_t12.001.cam2.h0.2079-11.nc
mres_b.e10.B2000_CAM5.f05_t12.001.cam2.h0.2079-12.nc
mres_b.e10.B2000_CAM5.f05_t12.001.cam2.h0.2080-01.nc
mres_b.e10.B2000_CAM5.f05_t12.001.cam2.h0.2080-02.nc
mres_b.e10.B2000_CAM5.f05_t12.001.cam2.h0.2080-03.nc
mres_b.e10.B2000_CAM5.f05_t12.001.cam2.h0.2080-04.nc
mres_b.e10.B2000_CAM5.f05_t12.001.cam2.h0.2080-05.nc
mres_b.e10.B2000_CAM5.f05_t12.001.cam2.h0.2080-06.nc
mres_b.e10.B2000_CAM5.f05_t12.001.cam2.h0.2080-07.nc
mres_b.e10.B2000_CAM5.f05_t12.001.cam2.h0.2080-08.nc
mres_b.e10.B2000_CAM5.f05_t12.001.cam2.h0.2080-09.nc
mres_b.e10.B2000_CAM5.f05_t12.001.cam2.h0.2080-10.nc
mres_b.e10.B2000_CAM5.f05_t12.001.cam2.h0.2080-11.nc
mres_b.e10.B2000_CAM5.f05_t12.001.cam2.h0.2080-12.nc
mres_b.e10.B2000_CAM5.f05_t12.001.cam2.h0.2081-01.nc
mres_b.e10.B2000_CAM5.f05_t12.001.cam2.h0.2081-02.nc
mres_b.e10.B2000_CAM5.f05_t12.001.cam2.h0.2081-03.nc
mres_b.e10.B2000_CAM5.f05_t12.001.cam2.h0.2081-04.nc
mres_b.e10.B2000_CAM5.f05_t12.001.cam2.h0.2081-05.nc
mres_b.e10.B2000_CAM5.f05_t12.001.cam2.h0.2081-06.nc
mres_b.e10.B2000_CAM5.f05_t12.001.cam2.h0.2081-07.nc
mres_b.e10.B2000_CAM5.f05_t12.001.cam2.h0.2081-08.nc
mres_b.e10.B2000_CAM5.f05_t12.001.cam2.h0.2081-09.nc
mres_b.e10.B2000_CAM5.f05_t12.001.cam2.h0.2081-10.nc
mres_b.e10.B2000_CAM5.f05_t12.001.cam2.h0.2081-11.nc
mres_b.e10.B2000_CAM5.f05_t12.001.cam2.h0.2081-12.nc
mres_b.e10.B2000_CAM5.f05_t12.001.cam2.h0.2082-01.nc
mres_b.e10.B2000_CAM5.f05_t12.001.cam2.h0.2082-02.nc
mres_b.e10.B2000_CAM5.f05_t12.001.cam2.h0.2082-03.nc
mres_b.e10.B2000_CAM5.f05_t12.001.cam2.h0.2082-04.nc
mres_b.e10.B2000_CAM5.f05_t12.001.cam2.h0.2082-05.nc
mres_b.e10.B2000_CAM5.f05_t12.001.cam2.h0.2082-06.nc
mres_b.e10.B2000_CAM5.f05_t12.001.cam2.h0.2082-07.nc
mres_b.e10.B2000_CAM5.f05_t12.001.cam2.h0.2082-08.nc
mres_b.e10.B2000_CAM5.f05_t12.001.cam2.h0.2082-09.nc
mres_b.e10.B2000_CAM5.f05_t12.001.cam2.h0.2082-10.nc
mres_b.e10.B2000_CAM5.f05_t12.001.cam2.h0.2082-11.nc
mres_b.e10.B2000_CAM5.f05_t12.001.cam2.h0.2082-12.nc
mres_b.e10.B2000_CAM5.f05_t12.001.cam2.h0.2083-01.nc
mres_b.e10.B2000_CAM5.f05_t12.001.cam2.h0.2083-02.nc
mres_b.e10.B2000_CAM5.f05_t12.001.cam2.h0.2083-03.nc
mres_b.e10.B2000_CAM5.f05_t12.001.cam2.h0.2083-04.nc
mres_b.e10.B2000_CAM5.f05_t12.001.cam2.h0.2083-05.nc
mres_b.e10.B2000_CAM5.f05_t12.001.cam2.h0.2083-06.nc
mres_b.e10.B2000_CAM5.f05_t12.001.cam2.h0.2083-07.nc
mres_b.e10.B2000_CAM5.f05_t12.001.cam2.h0.2083-08.nc
mres_b.e10.B2000_CAM5.f05_t12.001.cam2.h0.2083-09.nc
mres_b.e10.B2000_CAM5.f05_t12.001.cam2.h0.2083-10.nc
mres_b.e10.B2000_CAM5.f05_t12.001.cam2.h0.2083-11.nc
mres_b.e10.B2000_CAM5.f05_t12.001.cam2.h0.2083-12.nc
mres_b.e10.B2000_CAM5.f05_t12.001.cam2.h0.2084-01.nc
mres_b.e10.B2000_CAM5.f05_t12.001.cam2.h0.2084-02.nc
mres_b.e10.B2000_CAM5.f05_t12.001.cam2.h0.2084-03.nc
mres_b.e10.B2000_CAM5.f05_t12.001.cam2.h0.2084-04.nc
mres_b.e10.B2000_CAM5.f05_t12.001.cam2.h0.2084-05.nc
mres_b.e10.B2000_CAM5.f05_t12.001.cam2.h0.2084-06.nc
mres_b.e10.B2000_CAM5.f05_t12.001.cam2.h0.2084-07.nc
mres_b.e10.B2000_CAM5.f05_t12.001.cam2.h0.2084-08.nc
mres_b.e10.B2000_CAM5.f05_t12.001.cam2.h0.2084-09.nc
mres_b.e10.B2000_CAM5.f05_t12.001.cam2.h0.2084-10.nc
mres_b.e10.B2000_CAM5.f05_t12.001.cam2.h0.2084-11.nc
mres_b.e10.B2000_CAM5.f05_t12.001.cam2.h0.2084-12.nc
mres_b.e10.B2000_CAM5.f05_t12.001.cam2.h0.2085-01.nc
mres_b.e10.B2000_CAM5.f05_t12.001.cam2.h0.2085-02.nc
mres_b.e10.B2000_CAM5.f05_t12.001.cam2.h0.2085-03.nc
mres_b.e10.B2000_CAM5.f05_t12.001.cam2.h0.2085-04.nc
mres_b.e10.B2000_CAM5.f05_t12.001.cam2.h0.2085-05.nc
mres_b.e10.B2000_CAM5.f05_t12.001.cam2.h0.2085-06.nc
mres_b.e10.B2000_CAM5.f05_t12.001.cam2.h0.2085-07.nc
mres_b.e10.B2000_CAM5.f05_t12.001.cam2.h0.2085-08.nc
mres_b.e10.B2000_CAM5.f05_t12.001.cam2.h0.2085-09.nc
mres_b.e10.B2000_CAM5.f05_t12.001.cam2.h0.2085-10.nc
mres_b.e10.B2000_CAM5.f05_t12.001.cam2.h0.2085-11.nc
mres_b.e10.B2000_CAM5.f05_t12.001.cam2.h0.2085-12.nc
mres_b.e10.B2000_CAM5.f05_t12.001.cam2.h0.2086-01.nc
mres_b.e10.B2000_CAM5.f05_t12.001.cam2.h0.2086-02.nc
mres_b.e10.B2000_CAM5.f05_t12.001.cam2.h0.2086-03.nc
mres_b.e10.B2000_CAM5.f05_t12.001.cam2.h0.2086-04.nc
mres_b.e10.B2000_CAM5.f05_t12.001.cam2.h0.2086-05.nc
mres_b.e10.B2000_CAM5.f05_t12.001.cam2.h0.2086-06.nc
mres_b.e10.B2000_CAM5.f05_t12.001.cam2.h0.2086-07.nc
mres_b.e10.B2000_CAM5.f05_t12.001.cam2.h0.2086-08.nc
mres_b.e10.B2000_CAM5.f05_t12.001.cam2.h0.2086-09.nc
mres_b.e10.B2000_CAM5.f05_t12.001.cam2.h0.2086-10.nc
mres_b.e10.B2000_CAM5.f05_t12.001.cam2.h0.2086-11.nc
mres_b.e10.B2000_CAM5.f05_t12.001.cam2.h0.2086-12.nc
mres_b.e10.B2000_CAM5.f05_t12.001.cam2.h0.2087-01.nc
mres_b.e10.B2000_CAM5.f05_t12.001.cam2.h0.2087-02.nc
mres_b.e10.B2000_CAM5.f05_t12.001.cam2.h0.2087-03.nc
mres_b.e10.B2000_CAM5.f05_t12.001.cam2.h0.2087-04.nc
mres_b.e10.B2000_CAM5.f05_t12.001.cam2.h0.2087-05.nc
mres_b.e10.B2000_CAM5.f05_t12.001.cam2.h0.2087-06.nc
mres_b.e10.B2000_CAM5.f05_t12.001.cam2.h0.2087-07.nc
mres_b.e10.B2000_CAM5.f05_t12.001.cam2.h0.2087-08.nc
mres_b.e10.B2000_CAM5.f05_t12.001.cam2.h0.2087-09.nc
mres_b.e10.B2000_CAM5.f05_t12.001.cam2.h0.2087-10.nc
mres_b.e10.B2000_CAM5.f05_t12.001.cam2.h0.2087-11.nc
mres_b.e10.B2000_CAM5.f05_t12.001.cam2.h0.2087-12.nc
mres_b.e10.B2000_CAM5.f05_t12.001.cam2.h0.2088-01.nc
mres_b.e10.B2000_CAM5.f05_t12.001.cam2.h0.2088-02.nc
mres_b.e10.B2000_CAM5.f05_t12.001.cam2.h0.2088-03.nc
mres_b.e10.B2000_CAM5.f05_t12.001.cam2.h0.2088-04.nc
mres_b.e10.B2000_CAM5.f05_t12.001.cam2.h0.2088-05.nc
mres_b.e10.B2000_CAM5.f05_t12.001.cam2.h0.2088-06.nc
mres_b.e10.B2000_CAM5.f05_t12.001.cam2.h0.2088-07.nc
mres_b.e10.B2000_CAM5.f05_t12.001.cam2.h0.2088-08.nc
mres_b.e10.B2000_CAM5.f05_t12.001.cam2.h0.2088-09.nc
mres_b.e10.B2000_CAM5.f05_t12.001.cam2.h0.2088-10.nc
mres_b.e10.B2000_CAM5.f05_t12.001.cam2.h0.2088-11.nc
mres_b.e10.B2000_CAM5.f05_t12.001.cam2.h0.2088-12.nc
mres_b.e10.B2000_CAM5.f05_t12.001.cam2.h0.2089-01.nc
mres_b.e10.B2000_CAM5.f05_t12.001.cam2.h0.2089-02.nc
mres_b.e10.B2000_CAM5.f05_t12.001.cam2.h0.2089-03.nc
mres_b.e10.B2000_CAM5.f05_t12.001.cam2.h0.2089-04.nc
mres_b.e10.B2000_CAM5.f05_t12.001.cam2.h0.2089-05.nc
mres_b.e10.B2000_CAM5.f05_t12.001.cam2.h0.2089-06.nc
mres_b.e10.B2000_CAM5.f05_t12.001.cam2.h0.2089-07.nc
mres_b.e10.B2000_CAM5.f05_t12.001.cam2.h0.2089-08.nc
mres_b.e10.B2000_CAM5.f05_t12.001.cam2.h0.2089-09.nc
mres_b.e10.B2000_CAM5.f05_t12.001.cam2.h0.2089-10.nc
mres_b.e10.B2000_CAM5.f05_t12.001.cam2.h0.2089-11.nc
mres_b.e10.B2000_CAM5.f05_t12.001.cam2.h0.2089-12.nc
mres_b.e10.B2000_CAM5.f05_t12.001.cam2.h0.2090-01.nc
mres_b.e10.B2000_CAM5.f05_t12.001.cam2.h0.2090-02.nc
mres_b.e10.B2000_CAM5.f05_t12.001.cam2.h0.2090-03.nc
mres_b.e10.B2000_CAM5.f05_t12.001.cam2.h0.2090-04.nc
mres_b.e10.B2000_CAM5.f05_t12.001.cam2.h0.2090-05.nc
mres_b.e10.B2000_CAM5.f05_t12.001.cam2.h0.2090-06.nc
mres_b.e10.B2000_CAM5.f05_t12.001.cam2.h0.2090-07.nc
mres_b.e10.B2000_CAM5.f05_t12.001.cam2.h0.2090-08.nc
mres_b.e10.B2000_CAM5.f05_t12.001.cam2.h0.2090-09.nc
mres_b.e10.B2000_CAM5.f05_t12.001.cam2.h0.2090-10.nc
mres_b.e10.B2000_CAM5.f05_t12.001.cam2.h0.2090-11.nc
mres_b.e10.B2000_CAM5.f05_t12.001.cam2.h0.2090-12.nc
25-06-2024 22:19:53 INFO: opening files
